2026-05-17 14:52:33,733 INFO o.a.j.u.JMeterUtils: Setting Locale to en_EN
2026-05-17 14:52:33,749 INFO o.a.j.JMeter: Loading user properties from: C:\Users\sondo\Downloads\apache-jmeter-5.6.3\apache-jmeter-5.6.3\bin\user.properties
2026-05-17 14:52:33,751 INFO o.a.j.JMeter: Loading system properties from: C:\Users\sondo\Downloads\apache-jmeter-5.6.3\apache-jmeter-5.6.3\bin\system.properties
2026-05-17 14:52:33,760 INFO o.a.j.JMeter: Copyright (c) 1998-2024 The Apache Software Foundation
2026-05-17 14:52:33,760 INFO o.a.j.JMeter: Version 5.6.3
2026-05-17 14:52:33,760 INFO o.a.j.JMeter: java.version=1.8.0_391
2026-05-17 14:52:33,760 INFO o.a.j.JMeter: java.vm.name=Java HotSpot(TM) 64-Bit Server VM
2026-05-17 14:52:33,761 INFO o.a.j.JMeter: os.name=Windows 11
2026-05-17 14:52:33,761 INFO o.a.j.JMeter: os.arch=amd64
2026-05-17 14:52:33,761 INFO o.a.j.JMeter: os.version=10.0
2026-05-17 14:52:33,761 INFO o.a.j.JMeter: file.encoding=Cp1255
2026-05-17 14:52:33,761 INFO o.a.j.JMeter: java.awt.headless=true
2026-05-17 14:52:33,761 INFO o.a.j.JMeter: Max memory     =1073741824
2026-05-17 14:52:33,761 INFO o.a.j.JMeter: Available Processors =12
2026-05-17 14:52:33,766 INFO o.a.j.JMeter: Default Locale=English (EN)
2026-05-17 14:52:33,766 INFO o.a.j.JMeter: JMeter  Locale=English (EN)
2026-05-17 14:52:33,766 INFO o.a.j.JMeter: JMeterHome=C:\Users\sondo\Downloads\apache-jmeter-5.6.3\apache-jmeter-5.6.3
2026-05-17 14:52:33,767 INFO o.a.j.JMeter: user.dir  =C:\Users\sondo\Desktop\NFT_DemoWebShop_Project
2026-05-17 14:52:33,767 INFO o.a.j.JMeter: PWD       =C:\Users\sondo\Desktop\NFT_DemoWebShop_Project
2026-05-17 14:52:33,770 INFO o.a.j.JMeter: IP: 192.168.1.3 Name: סונדוס FullName: 192.168.1.3
2026-05-17 14:52:33,794 INFO o.a.j.JMeter: Setting property 'jmeter.reportgenerator.outputdir' to:'C:\Users\sondo\Desktop\NFT_DemoWebShop_Project\report'
2026-05-17 14:52:33,799 INFO o.a.j.s.FileServer: Default base='C:\Users\sondo\Desktop\NFT_DemoWebShop_Project'
2026-05-17 14:52:33,803 INFO o.a.j.s.FileServer: Set new base='C:\Users\sondo\Desktop\NFT_DemoWebShop_Project'
2026-05-17 14:52:34,089 INFO o.a.j.s.SaveService: Testplan (JMX) version: 2.2. Testlog (JTL) version: 2.2
2026-05-17 14:52:34,170 INFO o.a.j.s.SaveService: Using SaveService properties file encoding UTF-8
2026-05-17 14:52:34,184 INFO o.a.j.s.SaveService: Using SaveService properties version 5.0
2026-05-17 14:52:34,198 INFO o.a.j.s.SaveService: Loading file: Aggregate Report.jmx
2026-05-17 14:52:34,358 INFO o.a.j.p.h.s.HTTPSamplerBase: Parser for text/html is org.apache.jmeter.protocol.http.parser.LagartoBasedHtmlParser
2026-05-17 14:52:34,359 INFO o.a.j.p.h.s.HTTPSamplerBase: Parser for application/xhtml+xml is org.apache.jmeter.protocol.http.parser.LagartoBasedHtmlParser
2026-05-17 14:52:34,359 INFO o.a.j.p.h.s.HTTPSamplerBase: Parser for application/xml is org.apache.jmeter.protocol.http.parser.LagartoBasedHtmlParser
2026-05-17 14:52:34,359 INFO o.a.j.p.h.s.HTTPSamplerBase: Parser for text/xml is org.apache.jmeter.protocol.http.parser.LagartoBasedHtmlParser
2026-05-17 14:52:34,359 INFO o.a.j.p.h.s.HTTPSamplerBase: Parser for text/vnd.wap.wml is org.apache.jmeter.protocol.http.parser.RegexpHTMLParser
2026-05-17 14:52:34,359 INFO o.a.j.p.h.s.HTTPSamplerBase: Parser for text/css is org.apache.jmeter.protocol.http.parser.CssParser
2026-05-17 14:52:35,019 INFO o.a.j.JMeter: Creating summariser <summary>
2026-05-17 14:52:35,029 INFO o.a.j.r.d.ReportGenerator: ReportGenerator will use for Parsing the separator: ','
2026-05-17 14:52:35,030 INFO o.a.j.r.d.ReportGenerator: Will generate report at end of test from  results file: results.jtl
2026-05-17 14:52:35,030 INFO o.a.j.r.d.ReportGenerator: Reading report generator properties from: C:\Users\sondo\Downloads\apache-jmeter-5.6.3\apache-jmeter-5.6.3\bin\reportgenerator.properties
2026-05-17 14:52:35,034 INFO o.a.j.r.d.ReportGenerator: Merging with JMeter properties
2026-05-17 14:52:35,045 INFO o.a.j.r.c.ReportGeneratorConfiguration: Property 'jmeter.reportgenerator.temp_dir' not found, using default value 'temp' instead.
2026-05-17 14:52:35,053 INFO o.a.j.r.c.ReportGeneratorConfiguration: Property 'jmeter.reportgenerator.apdex_per_transaction' not found, using default value 'null' instead.
2026-05-17 14:52:35,053 INFO o.a.j.r.c.ReportGeneratorConfiguration: apdex_per_transaction is empty, not APDEX per transaction customization
2026-05-17 14:52:35,053 INFO o.a.j.r.c.ReportGeneratorConfiguration: Property 'jmeter.reportgenerator.sample_filter' not found, using default value 'null' instead.
2026-05-17 14:52:35,054 INFO o.a.j.r.c.ReportGeneratorConfiguration: Property 'jmeter.reportgenerator.report_title' not found, using default value 'null' instead.
2026-05-17 14:52:35,054 INFO o.a.j.r.c.ReportGeneratorConfiguration: Property 'jmeter.reportgenerator.start_date' not found, using default value 'null' instead.
2026-05-17 14:52:35,054 INFO o.a.j.r.c.ReportGeneratorConfiguration: Property 'jmeter.reportgenerator.end_date' not found, using default value 'null' instead.
2026-05-17 14:52:35,054 INFO o.a.j.r.c.ReportGeneratorConfiguration: Property 'jmeter.reportgenerator.date_format' not found, using default value 'null' instead.
2026-05-17 14:52:35,059 INFO o.a.j.r.c.ReportGeneratorConfiguration: Will use date range start date: null, end date: null
2026-05-17 14:52:35,067 INFO o.a.j.r.c.ReportGeneratorConfiguration: Property 'jmeter.reportgenerator.graph.totalTPS.exclude_controllers' not found, using default value 'false' instead.
2026-05-17 14:52:35,068 INFO o.a.j.r.c.ReportGeneratorConfiguration: Property 'jmeter.reportgenerator.graph.activeThreadsOverTime.exclude_controllers' not found, using default value 'false' instead.
2026-05-17 14:52:35,068 INFO o.a.j.r.c.ReportGeneratorConfiguration: Property 'jmeter.reportgenerator.graph.timeVsThreads.exclude_controllers' not found, using default value 'false' instead.
2026-05-17 14:52:35,068 INFO o.a.j.r.c.ReportGeneratorConfiguration: Property 'jmeter.reportgenerator.graph.responseTimeDistribution.exclude_controllers' not found, using default value 'false' instead.
2026-05-17 14:52:35,068 INFO o.a.j.r.c.ReportGeneratorConfiguration: Property 'jmeter.reportgenerator.graph.transactionsPerSecond.exclude_controllers' not found, using default value 'false' instead.
2026-05-17 14:52:35,068 INFO o.a.j.r.c.ReportGeneratorConfiguration: Property 'jmeter.reportgenerator.graph.responseTimePercentiles.exclude_controllers' not found, using default value 'false' instead.
2026-05-17 14:52:35,068 INFO o.a.j.r.c.ReportGeneratorConfiguration: Property 'jmeter.reportgenerator.graph.responseTimePercentilesOverTime.exclude_controllers' not found, using default value 'false' instead.
2026-05-17 14:52:35,069 INFO o.a.j.r.c.ReportGeneratorConfiguration: Property 'jmeter.reportgenerator.graph.responseTimesOverTime.exclude_controllers' not found, using default value 'false' instead.
2026-05-17 14:52:35,069 INFO o.a.j.r.c.ReportGeneratorConfiguration: Property 'jmeter.reportgenerator.graph.connectTimeOverTime.exclude_controllers' not found, using default value 'false' instead.
2026-05-17 14:52:35,069 INFO o.a.j.r.c.ReportGeneratorConfiguration: Property 'jmeter.reportgenerator.graph.latenciesOverTime.exclude_controllers' not found, using default value 'false' instead.
2026-05-17 14:52:35,071 INFO o.a.j.r.c.ReportGeneratorConfiguration: Property 'jmeter.reportgenerator.exporter.json.filters_only_sample_series' not found, using default value 'true' instead.
2026-05-17 14:52:35,071 INFO o.a.j.r.c.ReportGeneratorConfiguration: Property 'jmeter.reportgenerator.exporter.json.series_filter' not found, using default value '' instead.
2026-05-17 14:52:35,071 INFO o.a.j.r.c.ReportGeneratorConfiguration: Property 'jmeter.reportgenerator.exporter.json.show_controllers_only' not found, using default value 'false' instead.
2026-05-17 14:52:35,072 INFO o.a.j.r.c.ReportGeneratorConfiguration: Property 'jmeter.reportgenerator.exporter.html.filters_only_sample_series' not found, using default value 'true' instead.
2026-05-17 14:52:35,072 INFO o.a.j.r.c.ReportGeneratorConfiguration: Property 'jmeter.reportgenerator.exporter.html.series_filter' not found, using default value '' instead.
2026-05-17 14:52:35,072 INFO o.a.j.r.c.ReportGeneratorConfiguration: Property 'jmeter.reportgenerator.exporter.html.show_controllers_only' not found, using default value 'false' instead.
2026-05-17 14:52:35,094 INFO o.a.j.e.StandardJMeterEngine: Running the test!
2026-05-17 14:52:35,096 INFO o.a.j.s.SampleEvent: List of sample_variables: []
2026-05-17 14:52:35,096 INFO o.a.j.s.SampleEvent: List of sample_variables: []
2026-05-17 14:52:35,105 INFO o.a.j.e.u.CompoundVariable: Note: Function class names must contain the string: '.functions.'
2026-05-17 14:52:35,105 INFO o.a.j.e.u.CompoundVariable: Note: Function class names must not contain the string: '.gui.'
2026-05-17 14:52:35,879 INFO o.a.j.JMeter: Running test (1779018755879)
2026-05-17 14:52:35,960 INFO o.a.j.e.StandardJMeterEngine: Starting ThreadGroup: 1 : Thread Group
2026-05-17 14:52:35,961 INFO o.a.j.e.StandardJMeterEngine: Starting 10 threads for group Thread Group.
2026-05-17 14:52:35,961 INFO o.a.j.e.StandardJMeterEngine: Thread will continue on error
2026-05-17 14:52:35,962 INFO o.a.j.t.ThreadGroup: Starting thread group... number=1 threads=10 ramp-up=10 delayedStart=false
2026-05-17 14:52:35,978 INFO o.a.j.t.JMeterThread: Thread started: Thread Group 1-1
2026-05-17 14:52:35,990 INFO o.a.j.t.ThreadGroup: Started thread group number 1
2026-05-17 14:52:35,990 INFO o.a.j.e.StandardJMeterEngine: All thread groups have been started
2026-05-17 14:52:36,044 INFO o.a.j.p.h.s.HTTPHCAbstractImpl: Local host = סונדוס
2026-05-17 14:52:36,079 INFO o.a.j.p.h.s.HTTPHC4Impl: HTTP request retry count = 0
2026-05-17 14:52:36,086 INFO o.a.j.s.SampleResult: Note: Sample TimeStamps are START times
2026-05-17 14:52:36,087 INFO o.a.j.s.SampleResult: sampleresult.default.encoding is set to UTF-8
2026-05-17 14:52:36,087 INFO o.a.j.s.SampleResult: sampleresult.useNanoTime=true
2026-05-17 14:52:36,087 INFO o.a.j.s.SampleResult: sampleresult.nanoThreadSleep=5000
2026-05-17 14:52:36,540 INFO o.a.j.p.h.s.h.LazyLayeredConnectionSocketFactory: Setting up HTTPS TrustAll Socket Factory
2026-05-17 14:52:36,566 INFO o.a.j.u.JsseSSLManager: Using default SSL protocol: TLS
2026-05-17 14:52:36,566 INFO o.a.j.u.JsseSSLManager: SSL session context: per-thread
2026-05-17 14:52:36,971 INFO o.a.j.t.JMeterThread: Thread started: Thread Group 1-2
2026-05-17 14:52:37,807 INFO o.a.j.u.SSLManager: JmeterKeyStore Location:  type JKS
2026-05-17 14:52:37,820 INFO o.a.j.u.SSLManager: KeyStore created OK
2026-05-17 14:52:37,821 WARN o.a.j.u.SSLManager: Keystore file not found, loading empty keystore
2026-05-17 14:52:37,967 INFO o.a.j.t.JMeterThread: Thread started: Thread Group 1-3
2026-05-17 14:52:38,966 INFO o.a.j.t.JMeterThread: Thread started: Thread Group 1-4
2026-05-17 14:52:39,968 INFO o.a.j.t.JMeterThread: Thread started: Thread Group 1-5
2026-05-17 14:52:40,968 INFO o.a.j.t.JMeterThread: Thread started: Thread Group 1-6
2026-05-17 14:52:41,968 INFO o.a.j.t.JMeterThread: Thread started: Thread Group 1-7
2026-05-17 14:52:42,708 INFO o.a.j.t.JMeterThread: Thread is done: Thread Group 1-1
2026-05-17 14:52:42,709 INFO o.a.j.t.JMeterThread: Thread finished: Thread Group 1-1
2026-05-17 14:52:42,968 INFO o.a.j.t.JMeterThread: Thread started: Thread Group 1-8
2026-05-17 14:52:42,991 INFO o.a.j.t.JMeterThread: Thread is done: Thread Group 1-5
2026-05-17 14:52:42,991 INFO o.a.j.t.JMeterThread: Thread finished: Thread Group 1-5
2026-05-17 14:52:43,233 INFO o.a.j.t.JMeterThread: Thread is done: Thread Group 1-4
2026-05-17 14:52:43,234 INFO o.a.j.t.JMeterThread: Thread finished: Thread Group 1-4
2026-05-17 14:52:43,467 INFO o.a.j.t.JMeterThread: Thread is done: Thread Group 1-3
2026-05-17 14:52:43,467 INFO o.a.j.t.JMeterThread: Thread finished: Thread Group 1-3
2026-05-17 14:52:43,498 INFO o.a.j.t.JMeterThread: Thread is done: Thread Group 1-2
2026-05-17 14:52:43,498 INFO o.a.j.t.JMeterThread: Thread finished: Thread Group 1-2
2026-05-17 14:52:43,967 INFO o.a.j.t.JMeterThread: Thread started: Thread Group 1-9
2026-05-17 14:52:44,056 INFO o.a.j.t.JMeterThread: Thread is done: Thread Group 1-6
2026-05-17 14:52:44,056 INFO o.a.j.t.JMeterThread: Thread finished: Thread Group 1-6
2026-05-17 14:52:44,608 INFO o.a.j.t.JMeterThread: Thread is done: Thread Group 1-7
2026-05-17 14:52:44,608 INFO o.a.j.t.JMeterThread: Thread finished: Thread Group 1-7
2026-05-17 14:52:44,965 INFO o.a.j.t.JMeterThread: Thread started: Thread Group 1-10
2026-05-17 14:52:45,309 INFO o.a.j.t.JMeterThread: Thread is done: Thread Group 1-8
2026-05-17 14:52:45,310 INFO o.a.j.t.JMeterThread: Thread finished: Thread Group 1-8
2026-05-17 14:52:46,265 INFO o.a.j.t.JMeterThread: Thread is done: Thread Group 1-9
2026-05-17 14:52:46,265 INFO o.a.j.t.JMeterThread: Thread finished: Thread Group 1-9
2026-05-17 14:52:47,309 INFO o.a.j.t.JMeterThread: Thread is done: Thread Group 1-10
2026-05-17 14:52:47,309 INFO o.a.j.t.JMeterThread: Thread finished: Thread Group 1-10
2026-05-17 14:52:47,310 INFO o.a.j.e.StandardJMeterEngine: Notifying test listeners of end of test
2026-05-17 14:52:47,314 INFO o.a.j.r.Summariser: summary =     60 in 00:00:11 =    5.2/s Avg:   637 Min:   216 Max:  3080 Err:     0 (0.00%)
2026-05-17 14:52:47,315 INFO o.a.j.JMeter: Generating Dashboard
2026-05-17 14:52:47,315 INFO o.a.j.r.d.ReportGenerator: Flushing result collector before report Generation
2026-05-17 14:52:47,345 INFO o.a.j.r.p.NormalizerSampleConsumer: Using format, 'ms', to parse timeStamp field
2026-05-17 14:52:47,508 INFO o.a.j.r.p.AbstractSampleConsumer: class org.apache.jmeter.report.processor.AggregateConsumer#stopProducing(): beginDate produced 0 samples
2026-05-17 14:52:47,508 INFO o.a.j.r.p.AbstractSampleConsumer: class org.apache.jmeter.report.processor.AggregateConsumer#stopProducing(): endDate produced 0 samples
2026-05-17 14:52:47,511 INFO o.a.j.r.p.AbstractSampleConsumer: class org.apache.jmeter.report.processor.ApdexSummaryConsumer#stopProducing(): apdexSummary produced 0 samples
2026-05-17 14:52:47,511 INFO o.a.j.r.p.AbstractSampleConsumer: class org.apache.jmeter.report.processor.RequestsSummaryConsumer#stopProducing(): requestsSummary produced 0 samples
2026-05-17 14:52:47,519 INFO o.a.j.r.p.AbstractSampleConsumer: class org.apache.jmeter.report.processor.StatisticsSummaryConsumer#stopProducing(): statisticsSummary produced 0 samples
2026-05-17 14:52:47,531 INFO o.a.j.r.p.AbstractSampleConsumer: class org.apache.jmeter.report.processor.Top5ErrorsBySamplerConsumer#stopProducing(): top5ErrorsBySampler produced 0 samples
2026-05-17 14:52:47,531 INFO o.a.j.r.p.AbstractSampleConsumer: class org.apache.jmeter.report.processor.ErrorsSummaryConsumer#stopProducing(): errorsSummary produced 0 samples
2026-05-17 14:52:47,531 INFO o.a.j.r.p.AbstractSampleConsumer: class org.apache.jmeter.report.processor.graph.impl.HitsPerSecondGraphConsumer#stopProducing(): hitsPerSecond produced 0 samples
2026-05-17 14:52:47,563 INFO o.a.j.r.p.AbstractSampleConsumer: class org.apache.jmeter.report.processor.graph.impl.LatencyVSRequestGraphConsumer#stopProducing(): latencyVsRequest produced 0 samples
2026-05-17 14:52:47,564 INFO o.a.j.r.p.AbstractSampleConsumer: class org.apache.jmeter.report.processor.graph.impl.SyntheticResponseTimeDistributionGraphConsumer#stopProducing(): syntheticResponseTimeDistribution produced 0 samples
2026-05-17 14:52:47,564 INFO o.a.j.r.p.AbstractSampleConsumer: class org.apache.jmeter.report.processor.graph.impl.BytesThroughputGraphConsumer#stopProducing(): bytesThroughputOverTime produced 0 samples
2026-05-17 14:52:47,564 INFO o.a.j.r.p.AbstractSampleConsumer: class org.apache.jmeter.report.processor.graph.impl.CodesPerSecondGraphConsumer#stopProducing(): codesPerSecond produced 0 samples
2026-05-17 14:52:47,571 INFO o.a.j.r.p.AbstractSampleConsumer: class org.apache.jmeter.report.processor.graph.impl.ResponseTimeVSRequestGraphConsumer#stopProducing(): responseTimeVsRequest produced 0 samples
2026-05-17 14:52:47,571 INFO o.a.j.r.p.AbstractSampleConsumer: class org.apache.jmeter.report.processor.FilterConsumer#stopProducing(): startIntervalControlerFilter produced 560 samples
2026-05-17 14:52:47,572 INFO o.a.j.r.p.AbstractSampleConsumer: class org.apache.jmeter.report.processor.graph.impl.TotalTPSGraphConsumer#stopProducing(): totalTPS produced 0 samples
2026-05-17 14:52:47,572 INFO o.a.j.r.p.AbstractSampleConsumer: class org.apache.jmeter.report.processor.graph.impl.ActiveThreadsGraphConsumer#stopProducing(): activeThreadsOverTime produced 0 samples
2026-05-17 14:52:47,572 INFO o.a.j.r.p.AbstractSampleConsumer: class org.apache.jmeter.report.processor.graph.impl.TimeVSThreadGraphConsumer#stopProducing(): timeVsThreads produced 0 samples
2026-05-17 14:52:47,573 INFO o.a.j.r.p.AbstractSampleConsumer: class org.apache.jmeter.report.processor.graph.impl.ResponseTimeDistributionGraphConsumer#stopProducing(): responseTimeDistribution produced 0 samples
2026-05-17 14:52:47,573 INFO o.a.j.r.p.AbstractSampleConsumer: class org.apache.jmeter.report.processor.graph.impl.TransactionsPerSecondGraphConsumer#stopProducing(): transactionsPerSecond produced 0 samples
2026-05-17 14:52:47,573 INFO o.a.j.r.p.AbstractSampleConsumer: class org.apache.jmeter.report.processor.graph.impl.ResponseTimePercentilesGraphConsumer#stopProducing(): responseTimePercentiles produced 0 samples
2026-05-17 14:52:47,578 INFO o.a.j.r.p.AbstractSampleConsumer: class org.apache.jmeter.report.processor.graph.impl.ResponseTimePercentilesOverTimeGraphConsumer#stopProducing(): responseTimePercentilesOverTime produced 0 samples
2026-05-17 14:52:47,578 INFO o.a.j.r.p.AbstractSampleConsumer: class org.apache.jmeter.report.processor.graph.impl.ResponseTimeOverTimeGraphConsumer#stopProducing(): responseTimesOverTime produced 0 samples
2026-05-17 14:52:47,579 INFO o.a.j.r.p.AbstractSampleConsumer: class org.apache.jmeter.report.processor.graph.impl.ConnectTimeOverTimeGraphConsumer#stopProducing(): connectTimeOverTime produced 0 samples
2026-05-17 14:52:47,579 INFO o.a.j.r.p.AbstractSampleConsumer: class org.apache.jmeter.report.processor.graph.impl.LatencyOverTimeGraphConsumer#stopProducing(): latenciesOverTime produced 0 samples
2026-05-17 14:52:47,579 INFO o.a.j.r.p.AbstractSampleConsumer: class org.apache.jmeter.report.processor.FilterConsumer#stopProducing(): nameFilter produced 1200 samples
2026-05-17 14:52:47,579 INFO o.a.j.r.p.AbstractSampleConsumer: class org.apache.jmeter.report.processor.FilterConsumer#stopProducing(): dateRangeFilter produced 240 samples
2026-05-17 14:52:47,579 INFO o.a.j.r.p.AbstractSampleConsumer: class org.apache.jmeter.report.processor.NormalizerSampleConsumer#stopProducing(): normalizer produced 80 samples
2026-05-17 14:52:47,580 INFO o.a.j.r.p.CsvFileSampleSource: produce(): 80 samples produced in 168ms on channel 0
2026-05-17 14:52:47,581 INFO o.a.j.r.d.ReportGenerator: Exporting data using exporter:'json' of className:'org.apache.jmeter.report.dashboard.JsonExporter'
2026-05-17 14:52:47,761 INFO o.a.j.r.d.JsonExporter: Found data for consumer statisticsSummary in context
2026-05-17 14:52:47,761 INFO o.a.j.r.d.JsonExporter: Creating statistics for overall
2026-05-17 14:52:47,762 INFO o.a.j.r.d.JsonExporter: Creating statistics for other transactions
2026-05-17 14:52:47,763 INFO o.a.j.r.d.JsonExporter: Checking output folder
2026-05-17 14:52:47,764 INFO o.a.j.r.d.JsonExporter: Writing statistics JSON to C:\Users\sondo\Desktop\NFT_DemoWebShop_Project\report\statistics.json
2026-05-17 14:52:47,858 INFO o.a.j.r.d.ReportGenerator: Exporting data using exporter:'html' of className:'org.apache.jmeter.report.dashboard.HtmlTemplateExporter'
2026-05-17 14:52:47,862 INFO o.a.j.r.d.HtmlTemplateExporter: Will generate dashboard in folder: C:\Users\sondo\Desktop\NFT_DemoWebShop_Project\report
2026-05-17 14:52:48,158 INFO o.a.j.r.d.HtmlTemplateExporter: Report will be generated in: C:\Users\sondo\Desktop\NFT_DemoWebShop_Project\report, creating folder structure
2026-05-17 14:52:48,164 INFO o.a.j.r.d.TemplateVisitor: Copying folder from 'C:\Users\sondo\Downloads\apache-jmeter-5.6.3\apache-jmeter-5.6.3\bin\report-template' to 'C:\Users\sondo\Desktop\NFT_DemoWebShop_Project\report', got message: C:\Users\sondo\Desktop\NFT_DemoWebShop_Project\report, found non empty folder with following content [C:\Users\sondo\Desktop\NFT_DemoWebShop_Project\report\statistics.json], will be ignored
2026-05-17 14:52:49,363 INFO o.a.j.JMeter: Dashboard generated
